[ 2018-11-15T21:19:20+08:00 ][ sql ] [ DB ] CONNECT:[ UseTime:0.020183s ] mysql:host=127.0.0.1;dbname=oil;charset=utf8
[ 2018-11-15T21:19:20+08:00 ][ sql ] [ SQL ] SHOW TABLE STATUS LIKE 'news' [ RunTime:0.000884s ]
[ 2018-11-15T21:19:20+08:00 ][ sql ] [ SQL ] SHOW TABLE STATUS LIKE 'oil_news' [ RunTime:0.000893s ]
[ 2018-11-15T21:19:20+08:00 ][ sql ] [ SQL ] SELECT * FROM `information_schema`.`columns` WHERE TABLE_SCHEMA = 'oil' AND table_name = 'oil_news' ORDER BY ORDINAL_POSITION [ RunTime:0.005151s ]
[ 2018-11-15T21:19:29+08:00 ][ sql ] [ DB ] CONNECT:[ UseTime:0.019203s ] mysql:host=127.0.0.1;dbname=oil;charset=utf8
[ 2018-11-15T21:19:29+08:00 ][ sql ] [ SQL ] SHOW TABLE STATUS LIKE 'notice' [ RunTime:0.001365s ]
[ 2018-11-15T21:19:29+08:00 ][ sql ] [ SQL ] SHOW TABLE STATUS LIKE 'oil_notice' [ RunTime:0.000876s ]
[ 2018-11-15T21:19:29+08:00 ][ sql ] [ SQL ] SELECT * FROM `information_schema`.`columns` WHERE TABLE_SCHEMA = 'oil' AND table_name = 'oil_notice' ORDER BY ORDINAL_POSITION [ RunTime:0.004908s ]
[ 2018-11-15T21:19:37+08:00 ][ sql ] [ DB ] CONNECT:[ UseTime:0.009738s ] mysql:host=127.0.0.1;dbname=oil;charset=utf8
[ 2018-11-15T21:19:37+08:00 ][ sql ] [ SQL ] SHOW COLUMNS FROM `oil_auth_rule` [ RunTime:0.004833s ]
[ 2018-11-15T21:19:37+08:00 ][ sql ] [ SQL ] SELECT * FROM `oil_auth_rule` WHERE  `name` = 'news' LIMIT 1 [ RunTime:0.000674s ]
[ 2018-11-15T21:19:37+08:00 ][ sql ] [ SQL ] INSERT INTO `oil_auth_rule` (`pid` , `name` , `title` , `icon` , `remark` , `ismenu` , `status` , `createtime` , `updatetime`) VALUES (0 , 'news' , 'News' , 'fa fa-circle-o' , '' , 1 , 'normal' , 1542287977 , 1542287977) [ RunTime:0.002296s ]
[ 2018-11-15T21:19:37+08:00 ][ sql ] [ SQL ] SELECT `id` FROM `oil_auth_rule` WHERE  `name` = 'news/index' LIMIT 1 [ RunTime:0.000544s ]
[ 2018-11-15T21:19:37+08:00 ][ sql ] [ SQL ] SELECT `id` FROM `oil_auth_rule` WHERE  `name` = 'news/add' LIMIT 1 [ RunTime:0.000579s ]
[ 2018-11-15T21:19:37+08:00 ][ sql ] [ SQL ] SELECT `id` FROM `oil_auth_rule` WHERE  `name` = 'news/edit' LIMIT 1 [ RunTime:0.000546s ]
[ 2018-11-15T21:19:37+08:00 ][ sql ] [ SQL ] SELECT `id` FROM `oil_auth_rule` WHERE  `name` = 'news/del' LIMIT 1 [ RunTime:0.000579s ]
[ 2018-11-15T21:19:37+08:00 ][ sql ] [ SQL ] SELECT `id` FROM `oil_auth_rule` WHERE  `name` = 'news/multi' LIMIT 1 [ RunTime:0.000547s ]
[ 2018-11-15T21:19:37+08:00 ][ sql ] [ SQL ] INSERT INTO `oil_auth_rule` (`id` , `pid` , `name` , `icon` , `title` , `ismenu` , `status` , `createtime` , `updatetime`) VALUES (NULL , 85 , 'news/index' , 'fa fa-circle-o' , '查看' , 0 , 'normal' , 1542287977 , 1542287977) [ RunTime:0.000603s ]
[ 2018-11-15T21:19:37+08:00 ][ sql ] [ SQL ] INSERT INTO `oil_auth_rule` (`id` , `pid` , `name` , `icon` , `title` , `ismenu` , `status` , `createtime` , `updatetime`) VALUES (NULL , 85 , 'news/add' , 'fa fa-circle-o' , '添加' , 0 , 'normal' , 1542287977 , 1542287977) [ RunTime:0.000316s ]
[ 2018-11-15T21:19:37+08:00 ][ sql ] [ SQL ] INSERT INTO `oil_auth_rule` (`id` , `pid` , `name` , `icon` , `title` , `ismenu` , `status` , `createtime` , `updatetime`) VALUES (NULL , 85 , 'news/edit' , 'fa fa-circle-o' , '编辑' , 0 , 'normal' , 1542287977 , 1542287977) [ RunTime:0.000239s ]
[ 2018-11-15T21:19:37+08:00 ][ sql ] [ SQL ] INSERT INTO `oil_auth_rule` (`id` , `pid` , `name` , `icon` , `title` , `ismenu` , `status` , `createtime` , `updatetime`) VALUES (NULL , 85 , 'news/del' , 'fa fa-circle-o' , '删除' , 0 , 'normal' , 1542287977 , 1542287977) [ RunTime:0.000292s ]
[ 2018-11-15T21:19:37+08:00 ][ sql ] [ SQL ] INSERT INTO `oil_auth_rule` (`id` , `pid` , `name` , `icon` , `title` , `ismenu` , `status` , `createtime` , `updatetime`) VALUES (NULL , 85 , 'news/multi' , 'fa fa-circle-o' , '批量更新' , 0 , 'normal' , 1542287977 , 1542287977) [ RunTime:0.000246s ]
[ 2018-11-15T21:19:44+08:00 ][ sql ] [ DB ] CONNECT:[ UseTime:0.009563s ] mysql:host=127.0.0.1;dbname=oil;charset=utf8
[ 2018-11-15T21:19:44+08:00 ][ sql ] [ SQL ] SHOW COLUMNS FROM `oil_auth_rule` [ RunTime:0.012051s ]
[ 2018-11-15T21:19:44+08:00 ][ sql ] [ SQL ] SELECT * FROM `oil_auth_rule` WHERE  `name` = 'notice' LIMIT 1 [ RunTime:0.000674s ]
[ 2018-11-15T21:19:44+08:00 ][ sql ] [ SQL ] INSERT INTO `oil_auth_rule` (`pid` , `name` , `title` , `icon` , `remark` , `ismenu` , `status` , `createtime` , `updatetime`) VALUES (0 , 'notice' , 'Notice' , 'fa fa-circle-o' , '' , 1 , 'normal' , 1542287984 , 1542287984) [ RunTime:0.002271s ]
[ 2018-11-15T21:19:44+08:00 ][ sql ] [ SQL ] SELECT `id` FROM `oil_auth_rule` WHERE  `name` = 'notice/index' LIMIT 1 [ RunTime:0.000563s ]
[ 2018-11-15T21:19:44+08:00 ][ sql ] [ SQL ] SELECT `id` FROM `oil_auth_rule` WHERE  `name` = 'notice/add' LIMIT 1 [ RunTime:0.000542s ]
[ 2018-11-15T21:19:44+08:00 ][ sql ] [ SQL ] SELECT `id` FROM `oil_auth_rule` WHERE  `name` = 'notice/edit' LIMIT 1 [ RunTime:0.000579s ]
[ 2018-11-15T21:19:44+08:00 ][ sql ] [ SQL ] SELECT `id` FROM `oil_auth_rule` WHERE  `name` = 'notice/del' LIMIT 1 [ RunTime:0.000563s ]
[ 2018-11-15T21:19:44+08:00 ][ sql ] [ SQL ] SELECT `id` FROM `oil_auth_rule` WHERE  `name` = 'notice/multi' LIMIT 1 [ RunTime:0.000583s ]
[ 2018-11-15T21:19:44+08:00 ][ sql ] [ SQL ] INSERT INTO `oil_auth_rule` (`id` , `pid` , `name` , `icon` , `title` , `ismenu` , `status` , `createtime` , `updatetime`) VALUES (NULL , 91 , 'notice/index' , 'fa fa-circle-o' , '查看' , 0 , 'normal' , 1542287984 , 1542287984) [ RunTime:0.000581s ]
[ 2018-11-15T21:19:44+08:00 ][ sql ] [ SQL ] INSERT INTO `oil_auth_rule` (`id` , `pid` , `name` , `icon` , `title` , `ismenu` , `status` , `createtime` , `updatetime`) VALUES (NULL , 91 , 'notice/add' , 'fa fa-circle-o' , '添加' , 0 , 'normal' , 1542287984 , 1542287984) [ RunTime:0.000338s ]
[ 2018-11-15T21:19:44+08:00 ][ sql ] [ SQL ] INSERT INTO `oil_auth_rule` (`id` , `pid` , `name` , `icon` , `title` , `ismenu` , `status` , `createtime` , `updatetime`) VALUES (NULL , 91 , 'notice/edit' , 'fa fa-circle-o' , '编辑' , 0 , 'normal' , 1542287984 , 1542287984) [ RunTime:0.000241s ]
[ 2018-11-15T21:19:44+08:00 ][ sql ] [ SQL ] INSERT INTO `oil_auth_rule` (`id` , `pid` , `name` , `icon` , `title` , `ismenu` , `status` , `createtime` , `updatetime`) VALUES (NULL , 91 , 'notice/del' , 'fa fa-circle-o' , '删除' , 0 , 'normal' , 1542287984 , 1542287984) [ RunTime:0.000272s ]
[ 2018-11-15T21:19:44+08:00 ][ sql ] [ SQL ] INSERT INTO `oil_auth_rule` (`id` , `pid` , `name` , `icon` , `title` , `ismenu` , `status` , `createtime` , `updatetime`) VALUES (NULL , 91 , 'notice/multi' , 'fa fa-circle-o' , '批量更新' , 0 , 'normal' , 1542287984 , 1542287984) [ RunTime:0.000267s ]
[ 2018-11-15T21:31:30+08:00 ][ sql ] [ DB ] CONNECT:[ UseTime:0.009682s ] mysql:host=127.0.0.1;dbname=oil;charset=utf8
[ 2018-11-15T21:31:30+08:00 ][ sql ] [ SQL ] SHOW TABLE STATUS LIKE 'news' [ RunTime:0.000857s ]
[ 2018-11-15T21:31:30+08:00 ][ sql ] [ SQL ] SHOW TABLE STATUS LIKE 'oil_news' [ RunTime:0.000834s ]
[ 2018-11-15T21:31:35+08:00 ][ sql ] [ DB ] CONNECT:[ UseTime:0.009710s ] mysql:host=127.0.0.1;dbname=oil;charset=utf8
[ 2018-11-15T21:31:35+08:00 ][ sql ] [ SQL ] SHOW TABLE STATUS LIKE 'news' [ RunTime:0.000877s ]
[ 2018-11-15T21:31:35+08:00 ][ sql ] [ SQL ] SHOW TABLE STATUS LIKE 'oil_news' [ RunTime:0.000811s ]
[ 2018-11-15T21:31:35+08:00 ][ sql ] [ SQL ] SELECT * FROM `information_schema`.`columns` WHERE TABLE_SCHEMA = 'oil' AND table_name = 'oil_news' ORDER BY ORDINAL_POSITION [ RunTime:0.004885s ]
[ 2018-11-15T21:31:42+08:00 ][ sql ] [ DB ] CONNECT:[ UseTime:0.009618s ] mysql:host=127.0.0.1;dbname=oil;charset=utf8
[ 2018-11-15T21:31:42+08:00 ][ sql ] [ SQL ] SHOW TABLE STATUS LIKE 'notice' [ RunTime:0.000854s ]
[ 2018-11-15T21:31:42+08:00 ][ sql ] [ SQL ] SHOW TABLE STATUS LIKE 'oil_notice' [ RunTime:0.000821s ]
[ 2018-11-15T21:31:42+08:00 ][ sql ] [ SQL ] SELECT * FROM `information_schema`.`columns` WHERE TABLE_SCHEMA = 'oil' AND table_name = 'oil_notice' ORDER BY ORDINAL_POSITION [ RunTime:0.011929s ]
[ 2018-11-15T21:31:56+08:00 ][ sql ] [ DB ] CONNECT:[ UseTime:0.009555s ] mysql:host=127.0.0.1;dbname=oil;charset=utf8
[ 2018-11-15T21:31:56+08:00 ][ sql ] [ SQL ] SHOW COLUMNS FROM `oil_auth_rule` [ RunTime:0.011743s ]
[ 2018-11-15T21:31:56+08:00 ][ sql ] [ SQL ] SELECT * FROM `oil_auth_rule` WHERE  `name` = 'news' LIMIT 1 [ RunTime:0.000687s ]
[ 2018-11-15T21:31:56+08:00 ][ sql ] [ SQL ] SELECT `id` FROM `oil_auth_rule` WHERE  `name` = 'news/index' LIMIT 1 [ RunTime:0.000538s ]
[ 2018-11-15T21:31:56+08:00 ][ sql ] [ SQL ] SELECT `id` FROM `oil_auth_rule` WHERE  `name` = 'news/add' LIMIT 1 [ RunTime:0.000512s ]
[ 2018-11-15T21:31:56+08:00 ][ sql ] [ SQL ] SELECT `id` FROM `oil_auth_rule` WHERE  `name` = 'news/edit' LIMIT 1 [ RunTime:0.000537s ]
[ 2018-11-15T21:31:56+08:00 ][ sql ] [ SQL ] SELECT `id` FROM `oil_auth_rule` WHERE  `name` = 'news/del' LIMIT 1 [ RunTime:0.000543s ]
[ 2018-11-15T21:31:56+08:00 ][ sql ] [ SQL ] SELECT `id` FROM `oil_auth_rule` WHERE  `name` = 'news/multi' LIMIT 1 [ RunTime:0.000536s ]
[ 2018-11-15T21:31:56+08:00 ][ sql ] [ SQL ] UPDATE `oil_auth_rule`  SET `pid`=85,`name`='news/index',`icon`='fa fa-circle-o',`title`='查看',`ismenu`=0,`status`='normal',`updatetime`=1542288716  WHERE  `id` = 86 [ RunTime:0.000600s ]
[ 2018-11-15T21:31:56+08:00 ][ sql ] [ SQL ] UPDATE `oil_auth_rule`  SET `pid`=85,`name`='news/add',`icon`='fa fa-circle-o',`title`='添加',`ismenu`=0,`status`='normal',`updatetime`=1542288716  WHERE  `id` = 87 [ RunTime:0.000272s ]
[ 2018-11-15T21:31:56+08:00 ][ sql ] [ SQL ] UPDATE `oil_auth_rule`  SET `pid`=85,`name`='news/edit',`icon`='fa fa-circle-o',`title`='编辑',`ismenu`=0,`status`='normal',`updatetime`=1542288716  WHERE  `id` = 88 [ RunTime:0.000315s ]
[ 2018-11-15T21:31:56+08:00 ][ sql ] [ SQL ] UPDATE `oil_auth_rule`  SET `pid`=85,`name`='news/del',`icon`='fa fa-circle-o',`title`='删除',`ismenu`=0,`status`='normal',`updatetime`=1542288716  WHERE  `id` = 89 [ RunTime:0.000267s ]
[ 2018-11-15T21:31:56+08:00 ][ sql ] [ SQL ] UPDATE `oil_auth_rule`  SET `pid`=85,`name`='news/multi',`icon`='fa fa-circle-o',`title`='批量更新',`ismenu`=0,`status`='normal',`updatetime`=1542288716  WHERE  `id` = 90 [ RunTime:0.000279s ]
[ 2018-11-15T21:32:05+08:00 ][ sql ] [ DB ] CONNECT:[ UseTime:0.009551s ] mysql:host=127.0.0.1;dbname=oil;charset=utf8
[ 2018-11-15T21:32:05+08:00 ][ sql ] [ SQL ] SHOW COLUMNS FROM `oil_auth_rule` [ RunTime:0.011915s ]
[ 2018-11-15T21:32:05+08:00 ][ sql ] [ SQL ] SELECT * FROM `oil_auth_rule` WHERE  `name` = 'notice' LIMIT 1 [ RunTime:0.000624s ]
[ 2018-11-15T21:32:05+08:00 ][ sql ] [ SQL ] SELECT `id` FROM `oil_auth_rule` WHERE  `name` = 'notice/index' LIMIT 1 [ RunTime:0.000501s ]
[ 2018-11-15T21:32:05+08:00 ][ sql ] [ SQL ] SELECT `id` FROM `oil_auth_rule` WHERE  `name` = 'notice/add' LIMIT 1 [ RunTime:0.000539s ]
[ 2018-11-15T21:32:05+08:00 ][ sql ] [ SQL ] SELECT `id` FROM `oil_auth_rule` WHERE  `name` = 'notice/edit' LIMIT 1 [ RunTime:0.000504s ]
[ 2018-11-15T21:32:05+08:00 ][ sql ] [ SQL ] SELECT `id` FROM `oil_auth_rule` WHERE  `name` = 'notice/del' LIMIT 1 [ RunTime:0.000545s ]
[ 2018-11-15T21:32:05+08:00 ][ sql ] [ SQL ] SELECT `id` FROM `oil_auth_rule` WHERE  `name` = 'notice/multi' LIMIT 1 [ RunTime:0.000513s ]
[ 2018-11-15T21:32:05+08:00 ][ sql ] [ SQL ] UPDATE `oil_auth_rule`  SET `pid`=91,`name`='notice/index',`icon`='fa fa-circle-o',`title`='查看',`ismenu`=0,`status`='normal',`updatetime`=1542288725  WHERE  `id` = 92 [ RunTime:0.000581s ]
[ 2018-11-15T21:32:05+08:00 ][ sql ] [ SQL ] UPDATE `oil_auth_rule`  SET `pid`=91,`name`='notice/add',`icon`='fa fa-circle-o',`title`='添加',`ismenu`=0,`status`='normal',`updatetime`=1542288725  WHERE  `id` = 93 [ RunTime:0.000272s ]
[ 2018-11-15T21:32:05+08:00 ][ sql ] [ SQL ] UPDATE `oil_auth_rule`  SET `pid`=91,`name`='notice/edit',`icon`='fa fa-circle-o',`title`='编辑',`ismenu`=0,`status`='normal',`updatetime`=1542288725  WHERE  `id` = 94 [ RunTime:0.000278s ]
[ 2018-11-15T21:32:05+08:00 ][ sql ] [ SQL ] UPDATE `oil_auth_rule`  SET `pid`=91,`name`='notice/del',`icon`='fa fa-circle-o',`title`='删除',`ismenu`=0,`status`='normal',`updatetime`=1542288725  WHERE  `id` = 95 [ RunTime:0.000310s ]
[ 2018-11-15T21:32:05+08:00 ][ sql ] [ SQL ] UPDATE `oil_auth_rule`  SET `pid`=91,`name`='notice/multi',`icon`='fa fa-circle-o',`title`='批量更新',`ismenu`=0,`status`='normal',`updatetime`=1542288725  WHERE  `id` = 96 [ RunTime:0.000295s ]
